  test.cpp
D:\Programming\CSE230\Artillery_Prototype\TestVelocity.h(37,16): error C2079: 'v' uses undefined class 'Velocity'
D:\Programming\CSE230\Artillery_Prototype\TestVelocity.h(50,16): error C2079: 'v' uses undefined class 'Velocity'
D:\Programming\CSE230\Artillery_Prototype\TestVelocity.h(64,16): error C2079: 'v' uses undefined class 'Velocity'
D:\Programming\CSE230\Artillery_Prototype\TestVelocity.h(77,16): error C2079: 'v' uses undefined class 'Velocity'
D:\Programming\CSE230\Artillery_Prototype\TestVelocity.h(90,16): error C2079: 'v' uses undefined class 'Velocity'
D:\Programming\CSE230\Artillery_Prototype\TestVelocity.h(103,16): error C2079: 'v' uses undefined class 'Velocity'
D:\Programming\CSE230\Artillery_Prototype\TestVelocity.h(116,16): error C2079: 'v' uses undefined class 'Velocity'
